Determining if the function sgemm_ exists failed with the following output:
Change Dir: /home/alice/share/alice/flatter/build/CMakeFiles/CMakeTmp

Run Build Command(s):/usr/bin/ninja cmTC_34c44 && [1/2] Building CXX object CMakeFiles/cmTC_34c44.dir/CheckFunctionExists.cxx.o
[2/2] Linking CXX executable cmTC_34c44
FAILED: cmTC_34c44 
: && /usr/bin/g++  -DCHECK_FUNCTION_EXISTS=sgemm_   CMakeFiles/cmTC_34c44.dir/CheckFunctionExists.cxx.o  -o cmTC_34c44   && :
/usr/bin/ld: CMakeFiles/cmTC_34c44.dir/CheckFunctionExists.cxx.o: in function `main':
CheckFunctionExists.cxx:(.text+0x14): undefined reference to `sgemm_'
collect2: error: ld returned 1 exit status
ninja: build stopped: subcommand failed.



Performing C++ SOURCE FILE Test CMAKE_HAVE_LIBC_PTHREAD failed with the following output:
Change Dir: /home/alice/share/alice/flatter/build/CMakeFiles/CMakeTmp

Run Build Command(s):/usr/bin/ninja cmTC_523af && [1/2] Building CXX object CMakeFiles/cmTC_523af.dir/src.cxx.o
[2/2] Linking CXX executable cmTC_523af
FAILED: cmTC_523af 
: && /usr/bin/g++  -DCMAKE_HAVE_LIBC_PTHREAD   CMakeFiles/cmTC_523af.dir/src.cxx.o  -o cmTC_523af   && :
/usr/bin/ld: CMakeFiles/cmTC_523af.dir/src.cxx.o: in function `main':
src.cxx:(.text+0x46): undefined reference to `pthread_create'
/usr/bin/ld: src.cxx:(.text+0x52): undefined reference to `pthread_detach'
/usr/bin/ld: src.cxx:(.text+0x63): undefined reference to `pthread_join'
collect2: error: ld returned 1 exit status
ninja: build stopped: subcommand failed.


Source file was:
#include <pthread.h>

void* test_func(void* data)
{
  return data;
}

int main(void)
{
  pthread_t thread;
  pthread_create(&thread, NULL, test_func, NULL);
  pthread_detach(thread);
  pthread_join(thread, NULL);
  pthread_atfork(NULL, NULL, NULL);
  pthread_exit(NULL);

  return 0;
}

Determining if the function pthread_create exists in the pthreads failed with the following output:
Change Dir: /home/alice/share/alice/flatter/build/CMakeFiles/CMakeTmp

Run Build Command(s):/usr/bin/ninja cmTC_0fdac && [1/2] Building CXX object CMakeFiles/cmTC_0fdac.dir/CheckFunctionExists.cxx.o
[2/2] Linking CXX executable cmTC_0fdac
FAILED: cmTC_0fdac 
: && /usr/bin/g++  -DCHECK_FUNCTION_EXISTS=pthread_create   CMakeFiles/cmTC_0fdac.dir/CheckFunctionExists.cxx.o  -o cmTC_0fdac  -lpthreads && :
/usr/bin/ld: cannot find -lpthreads
collect2: error: ld returned 1 exit status
ninja: build stopped: subcommand failed.



Determining if the function cheev_ exists failed with the following output:
Change Dir: /home/alice/share/alice/flatter/build/CMakeFiles/CMakeTmp

Run Build Command(s):/usr/bin/ninja cmTC_919c8 && [1/2] Building CXX object CMakeFiles/cmTC_919c8.dir/CheckFunctionExists.cxx.o
[2/2] Linking CXX executable cmTC_919c8
FAILED: cmTC_919c8 
: && /usr/bin/g++  -DCHECK_FUNCTION_EXISTS=cheev_   CMakeFiles/cmTC_919c8.dir/CheckFunctionExists.cxx.o  -o cmTC_919c8  /usr/lib/x86_64-linux-gnu/libblas.so && :
/usr/bin/ld: CMakeFiles/cmTC_919c8.dir/CheckFunctionExists.cxx.o: in function `main':
CheckFunctionExists.cxx:(.text+0x14): undefined reference to `cheev_'
collect2: error: ld returned 1 exit status
ninja: build stopped: subcommand failed.



Determining if the function sgemm_ exists failed with the following output:
Change Dir: /home/alice/share/alice/flatter/build/CMakeFiles/CMakeTmp

Run Build Command(s):/usr/bin/ninja cmTC_a24b5 && [1/2] Building CXX object CMakeFiles/cmTC_a24b5.dir/CheckFunctionExists.cxx.o
[2/2] Linking CXX executable cmTC_a24b5
FAILED: cmTC_a24b5 
: && /usr/bin/g++  -std=c++17 -DCHECK_FUNCTION_EXISTS=sgemm_   CMakeFiles/cmTC_a24b5.dir/CheckFunctionExists.cxx.o  -o cmTC_a24b5   && :
/usr/bin/ld: CMakeFiles/cmTC_a24b5.dir/CheckFunctionExists.cxx.o: in function `main':
CheckFunctionExists.cxx:(.text+0x14): undefined reference to `sgemm_'
collect2: error: ld returned 1 exit status
ninja: build stopped: subcommand failed.



Performing C++ SOURCE FILE Test CMAKE_HAVE_LIBC_PTHREAD failed with the following output:
Change Dir: /home/alice/share/alice/flatter/build/CMakeFiles/CMakeTmp

Run Build Command(s):/usr/bin/ninja cmTC_18ce4 && [1/2] Building CXX object CMakeFiles/cmTC_18ce4.dir/src.cxx.o
[2/2] Linking CXX executable cmTC_18ce4
FAILED: cmTC_18ce4 
: && /usr/bin/g++  -std=c++17 -DCMAKE_HAVE_LIBC_PTHREAD   CMakeFiles/cmTC_18ce4.dir/src.cxx.o  -o cmTC_18ce4   && :
/usr/bin/ld: CMakeFiles/cmTC_18ce4.dir/src.cxx.o: in function `main':
src.cxx:(.text+0x46): undefined reference to `pthread_create'
/usr/bin/ld: src.cxx:(.text+0x52): undefined reference to `pthread_detach'
/usr/bin/ld: src.cxx:(.text+0x63): undefined reference to `pthread_join'
collect2: error: ld returned 1 exit status
ninja: build stopped: subcommand failed.


Source file was:
#include <pthread.h>

void* test_func(void* data)
{
  return data;
}

int main(void)
{
  pthread_t thread;
  pthread_create(&thread, NULL, test_func, NULL);
  pthread_detach(thread);
  pthread_join(thread, NULL);
  pthread_atfork(NULL, NULL, NULL);
  pthread_exit(NULL);

  return 0;
}

Determining if the function pthread_create exists in the pthreads failed with the following output:
Change Dir: /home/alice/share/alice/flatter/build/CMakeFiles/CMakeTmp

Run Build Command(s):/usr/bin/ninja cmTC_a5a46 && [1/2] Building CXX object CMakeFiles/cmTC_a5a46.dir/CheckFunctionExists.cxx.o
[2/2] Linking CXX executable cmTC_a5a46
FAILED: cmTC_a5a46 
: && /usr/bin/g++  -std=c++17 -DCHECK_FUNCTION_EXISTS=pthread_create   CMakeFiles/cmTC_a5a46.dir/CheckFunctionExists.cxx.o  -o cmTC_a5a46  -lpthreads && :
/usr/bin/ld: cannot find -lpthreads
collect2: error: ld returned 1 exit status
ninja: build stopped: subcommand failed.



Determining if the function cheev_ exists failed with the following output:
Change Dir: /home/alice/share/alice/flatter/build/CMakeFiles/CMakeTmp

Run Build Command(s):/usr/bin/ninja cmTC_e3527 && [1/2] Building CXX object CMakeFiles/cmTC_e3527.dir/CheckFunctionExists.cxx.o
[2/2] Linking CXX executable cmTC_e3527
FAILED: cmTC_e3527 
: && /usr/bin/g++  -std=c++17 -DCHECK_FUNCTION_EXISTS=cheev_   CMakeFiles/cmTC_e3527.dir/CheckFunctionExists.cxx.o  -o cmTC_e3527  /usr/lib/x86_64-linux-gnu/libblas.so && :
/usr/bin/ld: CMakeFiles/cmTC_e3527.dir/CheckFunctionExists.cxx.o: in function `main':
CheckFunctionExists.cxx:(.text+0x14): undefined reference to `cheev_'
collect2: error: ld returned 1 exit status
ninja: build stopped: subcommand failed.



Determining if the function sgemm_ exists failed with the following output:
Change Dir: /home/alice/share/alice/flatter/build/CMakeFiles/CMakeTmp

Run Build Command(s):/usr/bin/ninja cmTC_07526 && [1/2] Building CXX object CMakeFiles/cmTC_07526.dir/CheckFunctionExists.cxx.o
[2/2] Linking CXX executable cmTC_07526
FAILED: cmTC_07526 
: && /usr/bin/g++  -std=c++17 -DCHECK_FUNCTION_EXISTS=sgemm_   CMakeFiles/cmTC_07526.dir/CheckFunctionExists.cxx.o  -o cmTC_07526   && :
/usr/bin/ld: CMakeFiles/cmTC_07526.dir/CheckFunctionExists.cxx.o: in function `main':
CheckFunctionExists.cxx:(.text+0x14): undefined reference to `sgemm_'
collect2: error: ld returned 1 exit status
ninja: build stopped: subcommand failed.



Performing C++ SOURCE FILE Test CMAKE_HAVE_LIBC_PTHREAD failed with the following output:
Change Dir: /home/alice/share/alice/flatter/build/CMakeFiles/CMakeTmp

Run Build Command(s):/usr/bin/ninja cmTC_49fb0 && [1/2] Building CXX object CMakeFiles/cmTC_49fb0.dir/src.cxx.o
[2/2] Linking CXX executable cmTC_49fb0
FAILED: cmTC_49fb0 
: && /usr/bin/g++  -std=c++17 -DCMAKE_HAVE_LIBC_PTHREAD   CMakeFiles/cmTC_49fb0.dir/src.cxx.o  -o cmTC_49fb0   && :
/usr/bin/ld: CMakeFiles/cmTC_49fb0.dir/src.cxx.o: in function `main':
src.cxx:(.text+0x46): undefined reference to `pthread_create'
/usr/bin/ld: src.cxx:(.text+0x52): undefined reference to `pthread_detach'
/usr/bin/ld: src.cxx:(.text+0x63): undefined reference to `pthread_join'
collect2: error: ld returned 1 exit status
ninja: build stopped: subcommand failed.


Source file was:
#include <pthread.h>

void* test_func(void* data)
{
  return data;
}

int main(void)
{
  pthread_t thread;
  pthread_create(&thread, NULL, test_func, NULL);
  pthread_detach(thread);
  pthread_join(thread, NULL);
  pthread_atfork(NULL, NULL, NULL);
  pthread_exit(NULL);

  return 0;
}

Determining if the function pthread_create exists in the pthreads failed with the following output:
Change Dir: /home/alice/share/alice/flatter/build/CMakeFiles/CMakeTmp

Run Build Command(s):/usr/bin/ninja cmTC_718e0 && [1/2] Building CXX object CMakeFiles/cmTC_718e0.dir/CheckFunctionExists.cxx.o
[2/2] Linking CXX executable cmTC_718e0
FAILED: cmTC_718e0 
: && /usr/bin/g++  -std=c++17 -DCHECK_FUNCTION_EXISTS=pthread_create   CMakeFiles/cmTC_718e0.dir/CheckFunctionExists.cxx.o  -o cmTC_718e0  -lpthreads && :
/usr/bin/ld: cannot find -lpthreads
collect2: error: ld returned 1 exit status
ninja: build stopped: subcommand failed.



Determining if the function cheev_ exists failed with the following output:
Change Dir: /home/alice/share/alice/flatter/build/CMakeFiles/CMakeTmp

Run Build Command(s):/usr/bin/ninja cmTC_938f4 && [1/2] Building CXX object CMakeFiles/cmTC_938f4.dir/CheckFunctionExists.cxx.o
[2/2] Linking CXX executable cmTC_938f4
FAILED: cmTC_938f4 
: && /usr/bin/g++  -std=c++17 -DCHECK_FUNCTION_EXISTS=cheev_   CMakeFiles/cmTC_938f4.dir/CheckFunctionExists.cxx.o  -o cmTC_938f4  /usr/lib/x86_64-linux-gnu/libblas.so && :
/usr/bin/ld: CMakeFiles/cmTC_938f4.dir/CheckFunctionExists.cxx.o: in function `main':
CheckFunctionExists.cxx:(.text+0x14): undefined reference to `cheev_'
collect2: error: ld returned 1 exit status
ninja: build stopped: subcommand failed.



Determining if the function sgemm_ exists failed with the following output:
Change Dir: /home/alice/share/alice/flatter/build/CMakeFiles/CMakeTmp

Run Build Command(s):/usr/bin/ninja cmTC_8a8d6 && [1/2] Building CXX object CMakeFiles/cmTC_8a8d6.dir/CheckFunctionExists.cxx.o
[2/2] Linking CXX executable cmTC_8a8d6
FAILED: cmTC_8a8d6 
: && /usr/bin/g++  -std=c++17 -DCHECK_FUNCTION_EXISTS=sgemm_   CMakeFiles/cmTC_8a8d6.dir/CheckFunctionExists.cxx.o  -o cmTC_8a8d6   && :
/usr/bin/ld: CMakeFiles/cmTC_8a8d6.dir/CheckFunctionExists.cxx.o: in function `main':
CheckFunctionExists.cxx:(.text+0x14): undefined reference to `sgemm_'
collect2: error: ld returned 1 exit status
ninja: build stopped: subcommand failed.



Performing C++ SOURCE FILE Test CMAKE_HAVE_LIBC_PTHREAD failed with the following output:
Change Dir: /home/alice/share/alice/flatter/build/CMakeFiles/CMakeTmp

Run Build Command(s):/usr/bin/ninja cmTC_c063d && [1/2] Building CXX object CMakeFiles/cmTC_c063d.dir/src.cxx.o
[2/2] Linking CXX executable cmTC_c063d
FAILED: cmTC_c063d 
: && /usr/bin/g++  -std=c++17 -DCMAKE_HAVE_LIBC_PTHREAD   CMakeFiles/cmTC_c063d.dir/src.cxx.o  -o cmTC_c063d   && :
/usr/bin/ld: CMakeFiles/cmTC_c063d.dir/src.cxx.o: in function `main':
src.cxx:(.text+0x46): undefined reference to `pthread_create'
/usr/bin/ld: src.cxx:(.text+0x52): undefined reference to `pthread_detach'
/usr/bin/ld: src.cxx:(.text+0x63): undefined reference to `pthread_join'
collect2: error: ld returned 1 exit status
ninja: build stopped: subcommand failed.


Source file was:
#include <pthread.h>

void* test_func(void* data)
{
  return data;
}

int main(void)
{
  pthread_t thread;
  pthread_create(&thread, NULL, test_func, NULL);
  pthread_detach(thread);
  pthread_join(thread, NULL);
  pthread_atfork(NULL, NULL, NULL);
  pthread_exit(NULL);

  return 0;
}

Determining if the function pthread_create exists in the pthreads failed with the following output:
Change Dir: /home/alice/share/alice/flatter/build/CMakeFiles/CMakeTmp

Run Build Command(s):/usr/bin/ninja cmTC_83c6b && [1/2] Building CXX object CMakeFiles/cmTC_83c6b.dir/CheckFunctionExists.cxx.o
[2/2] Linking CXX executable cmTC_83c6b
FAILED: cmTC_83c6b 
: && /usr/bin/g++  -std=c++17 -DCHECK_FUNCTION_EXISTS=pthread_create   CMakeFiles/cmTC_83c6b.dir/CheckFunctionExists.cxx.o  -o cmTC_83c6b  -lpthreads && :
/usr/bin/ld: cannot find -lpthreads
collect2: error: ld returned 1 exit status
ninja: build stopped: subcommand failed.



Determining if the function cheev_ exists failed with the following output:
Change Dir: /home/alice/share/alice/flatter/build/CMakeFiles/CMakeTmp

Run Build Command(s):/usr/bin/ninja cmTC_9dfcc && [1/2] Building CXX object CMakeFiles/cmTC_9dfcc.dir/CheckFunctionExists.cxx.o
[2/2] Linking CXX executable cmTC_9dfcc
FAILED: cmTC_9dfcc 
: && /usr/bin/g++  -std=c++17 -DCHECK_FUNCTION_EXISTS=cheev_   CMakeFiles/cmTC_9dfcc.dir/CheckFunctionExists.cxx.o  -o cmTC_9dfcc  /usr/lib/x86_64-linux-gnu/libblas.so && :
/usr/bin/ld: CMakeFiles/cmTC_9dfcc.dir/CheckFunctionExists.cxx.o: in function `main':
CheckFunctionExists.cxx:(.text+0x14): undefined reference to `cheev_'
collect2: error: ld returned 1 exit status
ninja: build stopped: subcommand failed.



Determining if the function sgemm_ exists failed with the following output:
Change Dir: /home/alice/share/alice/flatter/build/CMakeFiles/CMakeTmp

Run Build Command(s):/usr/bin/ninja cmTC_f5bf8 && [1/2] Building CXX object CMakeFiles/cmTC_f5bf8.dir/CheckFunctionExists.cxx.o
[2/2] Linking CXX executable cmTC_f5bf8
FAILED: cmTC_f5bf8 
: && /usr/bin/g++  -std=c++17 -DCHECK_FUNCTION_EXISTS=sgemm_   CMakeFiles/cmTC_f5bf8.dir/CheckFunctionExists.cxx.o  -o cmTC_f5bf8   && :
/usr/bin/ld: CMakeFiles/cmTC_f5bf8.dir/CheckFunctionExists.cxx.o: in function `main':
CheckFunctionExists.cxx:(.text+0x14): undefined reference to `sgemm_'
collect2: error: ld returned 1 exit status
ninja: build stopped: subcommand failed.



Performing C++ SOURCE FILE Test CMAKE_HAVE_LIBC_PTHREAD failed with the following output:
Change Dir: /home/alice/share/alice/flatter/build/CMakeFiles/CMakeTmp

Run Build Command(s):/usr/bin/ninja cmTC_1f435 && [1/2] Building CXX object CMakeFiles/cmTC_1f435.dir/src.cxx.o
[2/2] Linking CXX executable cmTC_1f435
FAILED: cmTC_1f435 
: && /usr/bin/g++  -std=c++17 -DCMAKE_HAVE_LIBC_PTHREAD   CMakeFiles/cmTC_1f435.dir/src.cxx.o  -o cmTC_1f435   && :
/usr/bin/ld: CMakeFiles/cmTC_1f435.dir/src.cxx.o: in function `main':
src.cxx:(.text+0x46): undefined reference to `pthread_create'
/usr/bin/ld: src.cxx:(.text+0x52): undefined reference to `pthread_detach'
/usr/bin/ld: src.cxx:(.text+0x63): undefined reference to `pthread_join'
collect2: error: ld returned 1 exit status
ninja: build stopped: subcommand failed.


Source file was:
#include <pthread.h>

void* test_func(void* data)
{
  return data;
}

int main(void)
{
  pthread_t thread;
  pthread_create(&thread, NULL, test_func, NULL);
  pthread_detach(thread);
  pthread_join(thread, NULL);
  pthread_atfork(NULL, NULL, NULL);
  pthread_exit(NULL);

  return 0;
}

Determining if the function pthread_create exists in the pthreads failed with the following output:
Change Dir: /home/alice/share/alice/flatter/build/CMakeFiles/CMakeTmp

Run Build Command(s):/usr/bin/ninja cmTC_dc9f4 && [1/2] Building CXX object CMakeFiles/cmTC_dc9f4.dir/CheckFunctionExists.cxx.o
[2/2] Linking CXX executable cmTC_dc9f4
FAILED: cmTC_dc9f4 
: && /usr/bin/g++  -std=c++17 -DCHECK_FUNCTION_EXISTS=pthread_create   CMakeFiles/cmTC_dc9f4.dir/CheckFunctionExists.cxx.o  -o cmTC_dc9f4  -lpthreads && :
/usr/bin/ld: cannot find -lpthreads
collect2: error: ld returned 1 exit status
ninja: build stopped: subcommand failed.



Determining if the function cheev_ exists failed with the following output:
Change Dir: /home/alice/share/alice/flatter/build/CMakeFiles/CMakeTmp

Run Build Command(s):/usr/bin/ninja cmTC_3f5d7 && [1/2] Building CXX object CMakeFiles/cmTC_3f5d7.dir/CheckFunctionExists.cxx.o
[2/2] Linking CXX executable cmTC_3f5d7
FAILED: cmTC_3f5d7 
: && /usr/bin/g++  -std=c++17 -DCHECK_FUNCTION_EXISTS=cheev_   CMakeFiles/cmTC_3f5d7.dir/CheckFunctionExists.cxx.o  -o cmTC_3f5d7  /usr/lib/x86_64-linux-gnu/libblas.so && :
/usr/bin/ld: CMakeFiles/cmTC_3f5d7.dir/CheckFunctionExists.cxx.o: in function `main':
CheckFunctionExists.cxx:(.text+0x14): undefined reference to `cheev_'
collect2: error: ld returned 1 exit status
ninja: build stopped: subcommand failed.



Determining if the function sgemm_ exists failed with the following output:
Change Dir: /home/alice/share/alice/flatter/build/CMakeFiles/CMakeTmp

Run Build Command(s):/usr/bin/ninja cmTC_32ad4 && [1/2] Building CXX object CMakeFiles/cmTC_32ad4.dir/CheckFunctionExists.cxx.o
[2/2] Linking CXX executable cmTC_32ad4
FAILED: cmTC_32ad4 
: && /usr/bin/g++  -std=c++17 -DCHECK_FUNCTION_EXISTS=sgemm_   CMakeFiles/cmTC_32ad4.dir/CheckFunctionExists.cxx.o  -o cmTC_32ad4   && :
/usr/bin/ld: CMakeFiles/cmTC_32ad4.dir/CheckFunctionExists.cxx.o: in function `main':
CheckFunctionExists.cxx:(.text+0x14): undefined reference to `sgemm_'
collect2: error: ld returned 1 exit status
ninja: build stopped: subcommand failed.



Performing C++ SOURCE FILE Test CMAKE_HAVE_LIBC_PTHREAD failed with the following output:
Change Dir: /home/alice/share/alice/flatter/build/CMakeFiles/CMakeTmp

Run Build Command(s):/usr/bin/ninja cmTC_2f65b && [1/2] Building CXX object CMakeFiles/cmTC_2f65b.dir/src.cxx.o
[2/2] Linking CXX executable cmTC_2f65b
FAILED: cmTC_2f65b 
: && /usr/bin/g++  -std=c++17 -DCMAKE_HAVE_LIBC_PTHREAD   CMakeFiles/cmTC_2f65b.dir/src.cxx.o  -o cmTC_2f65b   && :
/usr/bin/ld: CMakeFiles/cmTC_2f65b.dir/src.cxx.o: in function `main':
src.cxx:(.text+0x46): undefined reference to `pthread_create'
/usr/bin/ld: src.cxx:(.text+0x52): undefined reference to `pthread_detach'
/usr/bin/ld: src.cxx:(.text+0x63): undefined reference to `pthread_join'
collect2: error: ld returned 1 exit status
ninja: build stopped: subcommand failed.


Source file was:
#include <pthread.h>

void* test_func(void* data)
{
  return data;
}

int main(void)
{
  pthread_t thread;
  pthread_create(&thread, NULL, test_func, NULL);
  pthread_detach(thread);
  pthread_join(thread, NULL);
  pthread_atfork(NULL, NULL, NULL);
  pthread_exit(NULL);

  return 0;
}

Determining if the function pthread_create exists in the pthreads failed with the following output:
Change Dir: /home/alice/share/alice/flatter/build/CMakeFiles/CMakeTmp

Run Build Command(s):/usr/bin/ninja cmTC_7592c && [1/2] Building CXX object CMakeFiles/cmTC_7592c.dir/CheckFunctionExists.cxx.o
[2/2] Linking CXX executable cmTC_7592c
FAILED: cmTC_7592c 
: && /usr/bin/g++  -std=c++17 -DCHECK_FUNCTION_EXISTS=pthread_create   CMakeFiles/cmTC_7592c.dir/CheckFunctionExists.cxx.o  -o cmTC_7592c  -lpthreads && :
/usr/bin/ld: cannot find -lpthreads
collect2: error: ld returned 1 exit status
ninja: build stopped: subcommand failed.



Determining if the function cheev_ exists failed with the following output:
Change Dir: /home/alice/share/alice/flatter/build/CMakeFiles/CMakeTmp

Run Build Command(s):/usr/bin/ninja cmTC_d49f1 && [1/2] Building CXX object CMakeFiles/cmTC_d49f1.dir/CheckFunctionExists.cxx.o
[2/2] Linking CXX executable cmTC_d49f1
FAILED: cmTC_d49f1 
: && /usr/bin/g++  -std=c++17 -DCHECK_FUNCTION_EXISTS=cheev_   CMakeFiles/cmTC_d49f1.dir/CheckFunctionExists.cxx.o  -o cmTC_d49f1  /usr/lib/x86_64-linux-gnu/libblas.so && :
/usr/bin/ld: CMakeFiles/cmTC_d49f1.dir/CheckFunctionExists.cxx.o: in function `main':
CheckFunctionExists.cxx:(.text+0x14): undefined reference to `cheev_'
collect2: error: ld returned 1 exit status
ninja: build stopped: subcommand failed.



